<?xml version="1.0" encoding="UTF-8"?>
<!-- Generated by org.testng.reporters.JUnitXMLReporter -->
<testsuite ignored="3" hostname="LM-SJC-11018021" failures="0" tests="1" name="Default test" time="0.967" errors="0" timestamp="11 Dec 2019 04:17:19 GMT">
  <testcase classname="test.testAPI.testHttpBin" name="testUpdate" time="0.954"/>
  <testcase classname="test.testAPI.testHttpBin" name="testDelete" time="0.0">
    <ignored/>
  </testcase> <!-- testDelete -->
  <testcase classname="test.testAPI.testHttpBin" name="testPost" time="0.0">
    <ignored/>
  </testcase> <!-- testPost -->
  <testcase classname="test.testAPI.testHttpBin" name="testGet" time="0.0">
    <ignored/>
  </testcase> <!-- testGet -->
</testsuite> <!-- Default test -->
