<?xml version="1.0" encoding="UTF-8"?>
<testng-results ignored="3" total="4" passed="1" failed="0" skipped="0">
  <reporter-output>
  </reporter-output>
  <suite started-at="2019-12-11T04:17:18Z" name="Default suite" finished-at="2019-12-11T04:17:19Z" duration-ms="967">
    <groups>
    </groups>
    <test started-at="2019-12-11T04:17:18Z" name="Default test" finished-at="2019-12-11T04:17:19Z" duration-ms="967">
      <class name="test.testAPI.testHttpBin">
        <test-method signature="testUpdate()[pri:0, instance:test.testAPI.testHttpBin@b3ca52e]" started-at="2019-12-11T04:17:18Z" name="testUpdate" finished-at="2019-12-11T04:17:19Z" duration-ms="954" status="PASS">
          <reporter-output>
          </reporter-output>
        </test-method> <!-- testUpdate -->
      </class> <!-- test.testAPI.testHttpBin -->
    </test> <!-- Default test -->
  </suite> <!-- Default suite -->
</testng-results>
